<?xml version="1.0" encoding="UTF-8"?>
<!-- Generated by org.testng.reporters.JUnitReportReporter -->
<testsuite skipped="0" hostname="E0485857" name="common.petstoreAPI" tests="1" failures="0" timestamp="27 Apr 2020 19:14:00 GMT" time="4.556" errors="0">
  <testcase name="run" time="4.556" classname="common.petstoreAPI"/>
</testsuite> <!-- common.petstoreAPI -->
